<?xml version="1.0" encoding="UTF-8"?>
<!-- Generated by org.testng.reporters.JUnitReportReporter -->
<testsuite hostname="DESKTOP-0LSDKFB" failures="0" tests="3" name="org.example.SubmitOrderTest" time="67.363" errors="0" timestamp="2024-02-12T14:52:26 COT" skipped="0">
  <testcase classname="org.example.SubmitOrderTest" name="submitOrder" time="31.394"/>
  <testcase classname="org.example.SubmitOrderTest" name="submitOrder" time="25.467"/>
  <testcase classname="org.example.SubmitOrderTest" name="OrderHistoryTest" time="10.502"/>
</testsuite> <!-- org.example.SubmitOrderTest -->
