<?xml version="1.0" encoding="UTF-8"?>
<!-- Generated by org.testng.reporters.JUnitReportReporter -->
<testsuite hostname="DESKTOP-0LSDKFB" failures="0" tests="2" name="org.example.ErrorValidationTest" time="31.974" errors="0" timestamp="2024-02-13T10:12:48 COT" skipped="0">
  <testcase classname="org.example.ErrorValidationTest" name="loginErrorValidation" time="7.323"/>
  <testcase classname="org.example.ErrorValidationTest" name="ProductErrorValidation" time="24.651"/>
</testsuite> <!-- org.example.ErrorValidationTest -->
