<?xml version="1.0" encoding="UTF-8"?>
<!-- Generated by org.testng.reporters.JUnitReportReporter -->
<testsuite hostname="DESKTOP-0LSDKFB" failures="0" tests="1" name="cucumber.TestNGTestRunner" time="32.798" errors="0" timestamp="2024-02-12T14:35:34 COT" skipped="0">
  <testcase classname="cucumber.TestNGTestRunner" name="runScenario" time="32.798"/>
</testsuite> <!-- cucumber.TestNGTestRunner -->
